<?xml version="1.0" encoding="UTF-8"?>
<testsuite xmlns:xsi="http://www.w3.org/2001/XMLSchema-instance" xsi:noNamespaceSchemaLocation="https://maven.apache.org/surefire/maven-surefire-plugin/xsd/surefire-test-report.xsd" version="3.0.2" name="java_packages.BajajQualifierApplicationTests" time="7.897" tests="1" errors="0" skipped="0" failures="0">
  <properties>
[...]
</properties>
  <testcase name="contextLoads" classname="java_packages.BajajQualifierApplicationTests" time="1.561">
    <system-out><![CDATA[11:24:46.488 [main] INFO org.springframework.test.context.support.AnnotationConfigContextLoaderUtils -- Could not detect default configuration classes for test class [java_packages.BajajQualifierApplicationTests]: BajajQualifierApplicationTests does not declare any static, non-private, non-final, nested classes annotated with @Configuration.
11:24:46.807 [main] INFO org.springframework.boot.test.context.SpringBootTestContextBootstrapper -- Found @SpringBootConfiguration java_packages.BajajQualifierApplication for test class java_packages.BajajQualifierApplicationTests

  .   ____          _            __ _ _
 /\\ / ___'_ __ _ _(_)_ __  __ _ \ \ \ \
( ( )\___ | '_ | '_| | '_ \/ _` | \ \ \ \
 \\/  ___)| |_)| | | | | || (_| |  ) ) ) )
  '  |____| .__|_| |_|_| |_\__, | / / / /
 =========|_|==============|___/=/_/_/_/

 :: Spring Boot ::                (v3.5.5)

2025-08-29T11:24:48.555+05:30  INFO 16628 --- [bajaj-qualifier] [           main] j.BajajQualifierApplicationTests         : Starting BajajQualifierApplicationTests using Java 23.0.1 with PID 16628 (started by HP in C:\Users\HP\OneDrive\Desktop\bajaj-qualifier)
2025-08-29T11:24:48.557+05:30  INFO 16628 --- [bajaj-qualifier] [           main] j.BajajQualifierApplicationTests         : No active profile set, falling back to 1 default profile: "default"
2025-08-29T11:24:51.176+05:30  INFO 16628 --- [bajaj-qualifier] [           main] j.BajajQualifierApplicationTests         : Started BajajQualifierApplicationTests in 3.907 seconds (process running for 6.38)
Webhook URL: https://bfhldevapigw.healthrx.co.in/hiring/testWebhook/JAVA
Access Token: eyJhbGciOiJIUzI1NiJ9.eyJyZWdObyI6IjIyQkNFMjIzNyIsIm5hbWUiOiJEcmlzaHRpIEdhcmciLCJlbWFpbCI6ImRyaXNodGkuZ2FyZzIwMjJAdml0c3R1ZGVudC5hYy5pbiIsInN1YiI6IndlYmhvb2stdXNlciIsImlhdCI6MTc1NjQ0Njg5MiwiZXhwIjoxNzU2NDQ3NzkyfQ.5LyyYmN6DvPBPv3XhhT4eTsuHVp5fgM7s9RIU_hquno
Submission Response: {"success":true,"message":"Webhook processed successfully"}
]]></system-out>
    <system-err><![CDATA[Mockito is currently self-attaching to enable the inline-mock-maker. This will no longer work in future releases of the JDK. Please add Mockito as an agent to your build as described in Mockito's documentation: https://javadoc.io/doc/org.mockito/mockito-core/latest/org.mockito/org/mockito/Mockito.html#0.3
WARNING: A Java agent has been loaded dynamically (C:\Users\HP\.m2\repository\net\bytebuddy\byte-buddy-agent\1.17.7\byte-buddy-agent-1.17.7.jar)
WARNING: If a serviceability tool is in use, please run with -XX:+EnableDynamicAgentLoading to hide this warning
WARNING: If a serviceability tool is not in use, please run with -Djdk.instrument.traceUsage for more information
WARNING: Dynamic loading of agents will be disallowed by default in a future release
]]></system-err>
  </testcase>
</testsuite>